15:19:01.070 [main] INFO  testCases.TC001_AccountRegistrationTest - Clicked on MyAccount Link
15:19:02.486 [main] INFO  testCases.TC001_AccountRegistrationTest - Clicked on Register Link
15:19:02.490 [main] INFO  testCases.TC001_AccountRegistrationTest - Providing Customer Details
15:19:04.438 [main] INFO  testCases.TC001_AccountRegistrationTest - Validating Expected Message
15:19:04.498 [main] INFO  testCases.TC001_AccountRegistrationTest - ***** Finished TC001_AccountRegistrationTest *****
12:54:32.670 [main] INFO  testCases.TC001_AccountRegistrationTest - ***** Starting TC001_AccountRegistrationTest *****
12:54:32.797 [main] INFO  testCases.TC001_AccountRegistrationTest - Clicked on MyAccount Link
12:54:33.588 [main] INFO  testCases.TC001_AccountRegistrationTest - Clicked on Register Link
12:54:33.592 [main] INFO  testCases.TC001_AccountRegistrationTest - Providing Customer Details
12:54:35.192 [main] INFO  testCases.TC001_AccountRegistrationTest - Validating Expected Message
12:54:35.229 [main] INFO  testCases.TC001_AccountRegistrationTest - ***** Finished TC001_AccountRegistrationTest *****
12:56:10.400 [main] INFO  testCases.TC001_AccountRegistrationTest - ***** Starting TC001_AccountRegistrationTest *****
12:56:12.381 [main] INFO  testCases.TC001_AccountRegistrationTest - Clicked on MyAccount Link
12:56:13.767 [main] INFO  testCases.TC001_AccountRegistrationTest - Clicked on Register Link
12:56:13.769 [main] INFO  testCases.TC001_AccountRegistrationTest - Providing Customer Details
12:56:15.364 [main] INFO  testCases.TC001_AccountRegistrationTest - Validating Expected Message
12:56:15.419 [main] INFO  testCases.TC001_AccountRegistrationTest - ***** Finished TC001_AccountRegistrationTest *****
15:54:37.396 [main] INFO  testCases.TC001_AccountRegistrationTest - ***** Starting TC001_AccountRegistrationTest *****
15:54:37.613 [main] INFO  testCases.TC001_AccountRegistrationTest - Clicked on MyAccount Link
15:54:38.578 [main] INFO  testCases.TC001_AccountRegistrationTest - Clicked on Register Link
15:54:38.587 [main] INFO  testCases.TC001_AccountRegistrationTest - Providing Customer Details
15:54:40.944 [main] INFO  testCases.TC001_AccountRegistrationTest - Validating Expected Message
15:54:40.995 [main] INFO  testCases.TC001_AccountRegistrationTest - ***** Finished TC001_AccountRegistrationTest *****
15:56:39.134 [main] INFO  testCases.TC001_AccountRegistrationTest - ***** Starting TC001_AccountRegistrationTest *****
15:56:39.378 [main] INFO  testCases.TC001_AccountRegistrationTest - Clicked on MyAccount Link
15:56:42.119 [main] INFO  testCases.TC001_AccountRegistrationTest - Clicked on Register Link
15:56:42.124 [main] INFO  testCases.TC001_AccountRegistrationTest - Providing Customer Details
15:56:44.824 [main] INFO  testCases.TC001_AccountRegistrationTest - Validating Expected Message
15:56:45.096 [main] INFO  testCases.TC001_AccountRegistrationTest - ***** Finished TC001_AccountRegistrationTest *****
