19:57:54.491 [main] INFO  testCases.TC003_LoginDataDrivenTest - ***** Starting TC_003 LoginDDT *****
19:57:55.669 [main] INFO  testCases.TC003_LoginDataDrivenTest - ***** Finished TC_003 Login Test *****
19:57:55.674 [main] INFO  testCases.TC003_LoginDataDrivenTest - ***** Starting TC_003 LoginDDT *****
19:57:56.897 [main] INFO  testCases.TC003_LoginDataDrivenTest - ***** Finished TC_003 Login Test *****
19:57:56.900 [main] INFO  testCases.TC003_LoginDataDrivenTest - ***** Starting TC_003 LoginDDT *****
19:57:58.004 [main] INFO  testCases.TC003_LoginDataDrivenTest - ***** Finished TC_003 Login Test *****
14:54:35.519 [main] INFO  testCases.TC001_AccountRegistrationTest - ***** Starting TC001_AccountRegistrationTest *****
14:54:35.651 [main] INFO  testCases.TC001_AccountRegistrationTest - Clicked on MyAccount Link
14:54:36.396 [main] INFO  testCases.TC001_AccountRegistrationTest - Clicked on Register Link
14:54:36.401 [main] INFO  testCases.TC001_AccountRegistrationTest - Providing Customer Details
14:54:38.200 [main] INFO  testCases.TC001_AccountRegistrationTest - Validating Expected Message
14:54:38.253 [main] INFO  testCases.TC001_AccountRegistrationTest - ***** Finished TC001_AccountRegistrationTest *****
15:06:56.968 [main] INFO  testCases.TC001_AccountRegistrationTest - ***** Starting TC001_AccountRegistrationTest *****
15:06:57.275 [main] INFO  testCases.TC001_AccountRegistrationTest - Clicked on MyAccount Link
15:06:58.056 [main] INFO  testCases.TC001_AccountRegistrationTest - Clicked on Register Link
15:06:58.062 [main] INFO  testCases.TC001_AccountRegistrationTest - Providing Customer Details
15:06:59.957 [main] INFO  testCases.TC001_AccountRegistrationTest - Validating Expected Message
15:07:00.075 [main] INFO  testCases.TC001_AccountRegistrationTest - ***** Finished TC001_AccountRegistrationTest *****
15:09:22.211 [TestNG-tests-1] INFO  testCases.TC001_AccountRegistrationTest - ***** Starting TC001_AccountRegistrationTest *****
15:09:22.411 [TestNG-tests-1] INFO  testCases.TC001_AccountRegistrationTest - Clicked on MyAccount Link
15:09:23.789 [TestNG-tests-1] INFO  testCases.TC001_AccountRegistrationTest - Clicked on Register Link
15:09:23.791 [TestNG-tests-1] INFO  testCases.TC001_AccountRegistrationTest - Providing Customer Details
15:09:25.676 [TestNG-tests-1] INFO  testCases.TC001_AccountRegistrationTest - Validating Expected Message
15:09:25.742 [TestNG-tests-1] INFO  testCases.TC001_AccountRegistrationTest - ***** Finished TC001_AccountRegistrationTest *****
15:10:48.620 [main] INFO  testCases.TC001_AccountRegistrationTest - ***** Starting TC001_AccountRegistrationTest *****
15:10:48.973 [main] INFO  testCases.TC001_AccountRegistrationTest - Clicked on MyAccount Link
15:10:49.834 [main] INFO  testCases.TC001_AccountRegistrationTest - Clicked on Register Link
15:10:49.837 [main] INFO  testCases.TC001_AccountRegistrationTest - Providing Customer Details
15:10:51.818 [main] INFO  testCases.TC001_AccountRegistrationTest - Validating Expected Message
15:10:51.895 [main] INFO  testCases.TC001_AccountRegistrationTest - ***** Finished TC001_AccountRegistrationTest *****
15:17:41.344 [TestNG-tests-1] INFO  testCases.TC001_AccountRegistrationTest - ***** Starting TC001_AccountRegistrationTest *****
15:17:42.627 [TestNG-tests-1] INFO  testCases.TC001_AccountRegistrationTest - Clicked on MyAccount Link
15:17:44.153 [TestNG-tests-1] INFO  testCases.TC001_AccountRegistrationTest - Clicked on Register Link
15:17:44.155 [TestNG-tests-1] INFO  testCases.TC001_AccountRegistrationTest - Providing Customer Details
15:17:46.696 [TestNG-tests-2] INFO  testCases.TC001_AccountRegistrationTest - ***** Starting TC001_AccountRegistrationTest *****
15:17:46.857 [TestNG-tests-2] INFO  testCases.TC001_AccountRegistrationTest - Clicked on MyAccount Link
15:17:47.146 [TestNG-tests-1] INFO  testCases.TC001_AccountRegistrationTest - Validating Expected Message
15:17:47.282 [TestNG-tests-1] INFO  testCases.TC001_AccountRegistrationTest - ***** Finished TC001_AccountRegistrationTest *****
15:17:48.719 [TestNG-tests-2] INFO  testCases.TC001_AccountRegistrationTest - Clicked on Register Link
15:17:48.724 [TestNG-tests-2] INFO  testCases.TC001_AccountRegistrationTest - Providing Customer Details
15:18:50.148 [main] INFO  testCases.TC001_AccountRegistrationTest - ***** Starting TC001_AccountRegistrationTest *****
15:18:50.369 [main] INFO  testCases.TC001_AccountRegistrationTest - Clicked on MyAccount Link
15:18:51.540 [main] INFO  testCases.TC001_AccountRegistrationTest - Clicked on Register Link
15:18:51.548 [main] INFO  testCases.TC001_AccountRegistrationTest - Providing Customer Details
15:18:53.537 [main] INFO  testCases.TC001_AccountRegistrationTest - Validating Expected Message
15:18:53.626 [main] INFO  testCases.TC001_AccountRegistrationTest - ***** Finished TC001_AccountRegistrationTest *****
15:19:00.941 [main] INFO  testCases.TC001_AccountRegistrationTest - ***** Starting TC001_AccountRegistrationTest *****
